<?xml version="1.0" encoding="UTF-8"?>
<!-- Generated by org.testng.reporters.JUnitReportReporter -->
<testsuite hostname="Nikita" failures="0" tests="1" name="testCases.TC01_SimpleSignIn" time="12.751" errors="0" timestamp="2022-02-20T14:20:15 IST" skipped="0">
  <testcase classname="testCases.TC01_SimpleSignIn" name="test1" time="12.751"/>
  <system-out/>
</testsuite> <!-- testCases.TC01_SimpleSignIn -->
